<?xml version="1.0" encoding="UTF-8"?>
<testsuite xmlns:xsi="http://www.w3.org/2001/XMLSchema-instance" xsi:noNamespaceSchemaLocation="https://maven.apache.org/surefire/maven-surefire-plugin/xsd/surefire-test-report.xsd" name="TestRunner" time="19.081" tests="8" errors="0" skipped="0" failures="0">
  <properties>
[...]
</properties>
  <testcase name="Given Load Trace Parts website" classname="Scenario: Search for product and proceed to checkout" time="0.001"/>
  <testcase name="When I enter Photoelectric Sensor in the textbox and click the Search icon" classname="Scenario: Search for product and proceed to checkout" time="0.001"/>
  <testcase name="Then I select the first product that is displayed" classname="Scenario: Search for product and proceed to checkout" time="0"/>
  <testcase name="Then I verify that the Product Title has LD46" classname="Scenario: Search for product and proceed to checkout" time="0"/>
  <testcase name="And I verify that the Product Description has LD46-UL-715" classname="Scenario: Search for product and proceed to checkout" time="0"/>
  <testcase name="Then I Right click on the 3D Model Product Image that is displayed in the 3D Viewer" classname="Scenario: Search for product and proceed to checkout" time="0"/>
  <testcase name="And In the Views option that is displayed I Click on Left and verify that the 3D Viewer displays the left side of the image" classname="Scenario: Search for product and proceed to checkout" time="0"/>
  <testcase name="Scenario: Search for product and proceed to checkout" classname="Scenario: Search for product and proceed to checkout" time="1.259"/>
</testsuite>